<?xml version="1.0" encoding="UTF-8"?>
<!-- Generated by org.testng.reporters.JUnitXMLReporter -->
<testsuite ignored="6" hostname="romrobillos" failures="0" tests="1" name="Default test" time="9.7" errors="0" timestamp="2025-02-05T05:42:59 GMT+08:00">
  <testcase classname="testcase.LoginTest" name="TC006_toCancel" time="2.419"/>
  <testcase classname="testcase.LoginTest" name="TC002_verifyErrorMessage" time="0.0">
    <ignored/>
  </testcase> <!-- TC002_verifyErrorMessage -->
  <testcase classname="testcase.LoginTest" name="TC004_txtboxBorderColor" time="0.0">
    <ignored/>
  </testcase> <!-- TC004_txtboxBorderColor -->
  <testcase classname="testcase.LoginTest" name="TC003_verifyRequiredField" time="0.0">
    <ignored/>
  </testcase> <!-- TC003_verifyRequiredField -->
  <testcase classname="testcase.LoginTest" name="TC001_toLogin" time="0.0">
    <ignored/>
  </testcase> <!-- TC001_toLogin -->
  <testcase classname="testcase.LoginTest" name="TC006_toResetPassword" time="0.0">
    <ignored/>
  </testcase> <!-- TC006_toResetPassword -->
  <testcase classname="testcase.LoginTest" name="TC005_forgotPassLink" time="0.0">
    <ignored/>
  </testcase> <!-- TC005_forgotPassLink -->
</testsuite> <!-- Default test -->
