<?xml version="1.0" encoding="UTF-8"?>
<!-- Generated by org.testng.reporters.JUnitXMLReporter -->
<testsuite ignored="3" hostname="romrobillos" failures="0" tests="1" name="Default test" time="16.068" errors="0" timestamp="2025-03-07T03:03:12 GMT+08:00">
  <testcase classname="testcase.Recruitment.VacanciesTest" name="TC0_Recruitment_Candidates_isStatusFiltered" time="8.993"/>
  <testcase classname="testcase.Recruitment.VacanciesTest" name="TC0_Recruitment_Candidates_isJobTitleFiltered" time="0.0">
    <ignored/>
  </testcase> <!-- TC0_Recruitment_Candidates_isJobTitleFiltered -->
  <testcase classname="testcase.Recruitment.VacanciesTest" name="TC0_Recruitment_Candidates_isVacancyFiltered" time="0.0">
    <ignored/>
  </testcase> <!-- TC0_Recruitment_Candidates_isVacancyFiltered -->
  <testcase classname="testcase.Recruitment.VacanciesTest" name="TC0_Recruitment_Candidates_isHiringManagerFiltered" time="0.0">
    <ignored/>
  </testcase> <!-- TC0_Recruitment_Candidates_isHiringManagerFiltered -->
</testsuite> <!-- Default test -->
